[0.000][INFO]:      ChromeDriver 19.0.1068.0 /opt/local/bin/chromedriver
[0.327][FINE]:      Initializing session with capabilities {
   "browserName": "chrome",
   "chrome.detach": true,
   "chromeOptions": {
      "detach": true
   },
   "cssSelectorsEnabled": true,
   "javascriptEnabled": true,
   "nativeEvents": false,
   "platform": "ANY",
   "rotatable": false,
   "takesScreenshot": false,
   "version": ""
}

[0.340][INFO]:      Using named testing interface
[1.081][INFO]:      Connected to Chrome successfully. Version: 18.0.1025.168
[1.113][FINE]:      Command received (/session/82e34b88d14bde15ccf30256227a7212)
[1.113][FINE]:      Command finished (/session/82e34b88d14bde15ccf30256227a7212) with response {
   "sessionId": "82e34b88d14bde15ccf30256227a7212",
   "status": 0,
   "value": {
      "acceptSslCerts": false,
      "applicationCacheEnabled": false,
      "browserConnectionEnabled": false,
      "browserName": "chrome",
      "chrome.chromedriverVersion": "19.0.1068.0",
      "chrome.nativeEvents": false,
      "cssSelectorsEnabled": true,
      "databaseEnabled": false,
      "handlesAlerts": true,
      "javascriptEnabled": true,
      "locationContextEnabled": false,
      "nativeEvents": true,
      "platform": "mac",
      "rotatable": false,
      "takesScreenshot": true,
      "version": "18.0.1025.168",
      "webStorageEnabled": false
   }
}

[1.114][FINE]:      Command received (/session/82e34b88d14bde15ccf30256227a7212/url)
[1.114][FINER]:     Waiting for all views to stop loading...
[1.115][FINER]:     Done waiting for all views to stop loading
[1.123][FINER]:     Waiting for all views to stop loading...
[1.123][FINER]:     Done waiting for all views to stop loading
[1.123][FINE]:      Command finished (/session/82e34b88d14bde15ccf30256227a7212/url) with response {
   "sessionId": "82e34b88d14bde15ccf30256227a7212",
   "status": 0,
   "value": "about:blank"
}

[1.124][FINE]:      Command received (/session/82e34b88d14bde15ccf30256227a7212/title)
[1.124][FINER]:     Waiting for all views to stop loading...
[1.124][FINER]:     Done waiting for all views to stop loading
[1.130][FINER]:     Waiting for all views to stop loading...
[1.130][FINER]:     Done waiting for all views to stop loading
[1.130][FINE]:      Command finished (/session/82e34b88d14bde15ccf30256227a7212/title) with response {
   "sessionId": "82e34b88d14bde15ccf30256227a7212",
   "status": 0,
   "value": "about:blank"
}

[34.401][FINE]:     Command received (/session/82e34b88d14bde15ccf30256227a7212/window_handle)
[34.401][FINER]:    Waiting for all views to stop loading...
[34.402][FINER]:    Done waiting for all views to stop loading
[34.402][FINER]:    Waiting for all views to stop loading...
[34.402][FINER]:    Done waiting for all views to stop loading
[34.402][FINE]:     Command finished (/session/82e34b88d14bde15ccf30256227a7212/window_handle) with response {
   "sessionId": "82e34b88d14bde15ccf30256227a7212",
   "status": 0,
   "value": "f1-2"
}

[47.271][FINE]:     Command received (/session/82e34b88d14bde15ccf30256227a7212/window_handle)
[47.271][FINER]:    Waiting for all views to stop loading...
[47.272][FINER]:    Done waiting for all views to stop loading
[47.272][FINER]:    Waiting for all views to stop loading...
[47.272][FINER]:    Done waiting for all views to stop loading
[47.272][FINE]:     Command finished (/session/82e34b88d14bde15ccf30256227a7212/window_handle) with response {
   "sessionId": "82e34b88d14bde15ccf30256227a7212",
   "status": 0,
   "value": "f1-2"
}

[47.273][FINE]:     Command received (/session/82e34b88d14bde15ccf30256227a7212/window_handle)
[47.273][FINER]:    Waiting for all views to stop loading...
[47.273][FINER]:    Done waiting for all views to stop loading
[47.273][FINER]:    Waiting for all views to stop loading...
[47.274][FINER]:    Done waiting for all views to stop loading
[47.274][FINE]:     Command finished (/session/82e34b88d14bde15ccf30256227a7212/window_handle) with response {
   "sessionId": "82e34b88d14bde15ccf30256227a7212",
   "status": 0,
   "value": "f1-2"
}

[47.274][FINE]:     Command received (/session/82e34b88d14bde15ccf30256227a7212/window) with params {
   "name": "f1-2"
}

[47.275][FINE]:     Command finished (/session/82e34b88d14bde15ccf30256227a7212/window) with response {
   "sessionId": "82e34b88d14bde15ccf30256227a7212",
   "status": 0,
   "value": {

   }
}

[47.277][FINE]:     Command received (/session/82e34b88d14bde15ccf30256227a7212/window/current/size) with params {
   "height": 100,
   "width": 100
}

[47.277][FINER]:    Waiting for all views to stop loading...
[47.278][FINER]:    Done waiting for all views to stop loading
[47.294][FINER]:    Waiting for all views to stop loading...
[47.302][FINER]:    Done waiting for all views to stop loading
[47.302][FINE]:     Command finished (/session/82e34b88d14bde15ccf30256227a7212/window/current/size) with response {
   "sessionId": "82e34b88d14bde15ccf30256227a7212",
   "status": 0,
   "value": {

   }
}

[47.303][FINE]:     Command received (/session/82e34b88d14bde15ccf30256227a7212/window_handles)
[47.303][FINER]:    Waiting for all views to stop loading...
[47.304][FINER]:    Done waiting for all views to stop loading
[47.304][FINER]:    Waiting for all views to stop loading...
[47.304][FINER]:    Done waiting for all views to stop loading
[47.304][FINE]:     Command finished (/session/82e34b88d14bde15ccf30256227a7212/window_handles) with response {
   "sessionId": "82e34b88d14bde15ccf30256227a7212",
   "status": 0,
   "value": [ "f1-2" ]
}

[47.305][FINE]:     Command received (/session/82e34b88d14bde15ccf30256227a7212/window) with params {
   "name": "f1-2"
}

[47.305][FINE]:     Command finished (/session/82e34b88d14bde15ccf30256227a7212/window) with response {
   "sessionId": "82e34b88d14bde15ccf30256227a7212",
   "status": 0,
   "value": {

   }
}

